<?xml version="1.0" encoding="UTF-8"?>
<!-- Generated by org.testng.reporters.JUnitXMLReporter -->
<testsuite hostname="DESKTOP-CD7DCPV" ignored="0" name="Test" tests="6" failures="1" timestamp="2022-04-01T19:08:41 IST" time="0.067" errors="0">
  <testcase name="password" time="0.008" classname="com.testing.features.Iretry_concepts"/>
  <testcase name="username" time="0.002" classname="com.testing.features.Iretry_concepts">
    <skipped/>
  </testcase> <!-- username -->
  <testcase name="username" time="0.0" classname="com.testing.features.Iretry_concepts">
    <skipped/>
  </testcase> <!-- username -->
  <testcase name="username" time="0.001" classname="com.testing.features.Iretry_concepts">
    <skipped/>
  </testcase> <!-- username -->
  <testcase name="username" time="0.001" classname="com.testing.features.Iretry_concepts">
    <skipped/>
  </testcase> <!-- username -->
  <testcase name="username" time="0.002" classname="com.testing.features.Iretry_concepts">
    <failure type="java.lang.AssertionError" message="expected [kalai] but found [ss]">
      <![CDATA[java.lang.AssertionError: expected [kalai] but found [ss]
at com.testing.features.Iretry_concepts.username(Iretry_concepts.java:14)
at java.util.ArrayList.forEach(Unknown Source)
... Removed 33 stack frames]]>
    </failure>
  </testcase> <!-- username -->
</testsuite> <!-- Test -->
